\BOOKMARK [0][-]{chapter.1}{\376\377\000W\000e\000e\000k\000\040\0001}{}% 1
\BOOKMARK [1][-]{section.1.1}{\376\377\000W\000h\000a\000t\000\040\000i\000s\000\040\000a\000\040\000P\000D\000E\000?}{chapter.1}% 2
\BOOKMARK [2][-]{subsection.1.1.1}{\376\377\000L\000i\000n\000e\000a\000r\000\040\000P\000D\000E\000s}{section.1.1}% 3
\BOOKMARK [1][-]{section.1.2}{\376\377\000P\000D\000E\000s\000\040\000t\000h\000a\000t\000\040\000a\000r\000e\000\040\000O\000D\000E\000s}{chapter.1}% 4
\BOOKMARK [1][-]{section.1.3}{\376\377\000C\000o\000n\000s\000t\000a\000n\000t\000\040\000C\000o\000e\000f\000f\000i\000c\000i\000e\000n\000t\000\040\0001\000s\000t\000\040\000O\000r\000d\000e\000r\000\040\000L\000i\000n\000e\000a\000r\000\040\000P\000D\000E\000s\000\040\000\050\000i\000n\000\040\0002\000\040\000V\000a\000r\000i\000a\000b\000l\000e\000s\000\051}{chapter.1}% 5
\BOOKMARK [2][-]{subsection.1.3.1}{\376\377\000T\000h\000e\000\040\000G\000e\000o\000m\000e\000t\000r\000i\000c\000\040\000M\000e\000t\000h\000o\000d}{section.1.3}% 6
\BOOKMARK [2][-]{subsection.1.3.2}{\376\377\000T\000h\000e\000\040\000C\000o\000o\000r\000d\000i\000n\000a\000t\000e\000\040\000M\000e\000t\000h\000o\000d}{section.1.3}% 7
\BOOKMARK [1][-]{section.1.4}{\376\377\000V\000a\000r\000i\000a\000b\000l\000e\000\040\000C\000o\000e\000f\000f\000i\000c\000i\000e\000n\000t\000s}{chapter.1}% 8
\BOOKMARK [0][-]{chapter.2}{\376\377\000W\000e\000e\000k\000\040\0002}{}% 9
\BOOKMARK [1][-]{section.2.1}{\376\377\000T\000h\000e\000\040\000E\000s\000s\000e\000n\000t\000i\000a\000l\000\040\000P\000D\000E\000s}{chapter.2}% 10
\BOOKMARK [1][-]{section.2.2}{\376\377\000I\000n\000i\000t\000i\000a\000l\000\040\000a\000n\000d\000\040\000B\000o\000u\000n\000d\000a\000r\000y\000\040\000C\000o\000n\000d\000i\000t\000i\000o\000n\000s}{chapter.2}% 11
\BOOKMARK [1][-]{section.2.3}{\376\377\000W\000e\000l\000l\000-\000P\000r\000o\000v\000e\000d\000\040\000P\000r\000o\000b\000l\000e\000m\000s}{chapter.2}% 12
\BOOKMARK [1][-]{section.2.4}{\376\377\000C\000o\000n\000s\000t\000a\000n\000t\000\040\000C\000o\000e\000f\000f\000i\000c\000i\000e\000n\000t\000\040\0002\000n\000d\000\040\000O\000r\000d\000e\000r\000\040\000P\000D\000E\000\040\000i\000n\000\040\0002\000\040\000V\000a\000r\000i\000a\000b\000l\000e\000s}{chapter.2}% 13
\BOOKMARK [0][-]{chapter.3}{\376\377\000W\000e\000e\000k\000\040\0003}{}% 14
\BOOKMARK [1][-]{section.3.1}{\376\377\000T\000h\000e\000\040\000W\000a\000v\000e\000\040\000E\000q\000u\000a\000t\000i\000o\000n}{chapter.3}% 15
\BOOKMARK [2][-]{subsection.3.1.1}{\376\377\000A\000\040\000G\000e\000n\000e\000r\000a\000l\000\040\000S\000o\000l\000u\000t\000i\000o\000n}{section.3.1}% 16
\BOOKMARK [2][-]{subsection.3.1.2}{\376\377\000I\000n\000i\000t\000i\000a\000l\000\040\000V\000a\000l\000u\000e\000\040\000P\000r\000o\000b\000l\000e\000m\000s}{section.3.1}% 17
\BOOKMARK [2][-]{subsection.3.1.3}{\376\377\000T\000h\000e\000\040\000P\000a\000t\000h\000\040\000L\000i\000g\000h\000t\000\040\000C\000o\000n\000e}{section.3.1}% 18
\BOOKMARK [2][-]{subsection.3.1.4}{\376\377\000E\000n\000e\000r\000g\000y}{section.3.1}% 19
\BOOKMARK [1][-]{section.3.2}{\376\377\000T\000h\000e\000\040\000H\000e\000a\000t\000\040\000E\000q\000u\000a\000t\000i\000o\000n}{chapter.3}% 20
\BOOKMARK [2][-]{subsection.3.2.1}{\376\377\000T\000h\000e\000\040\000M\000a\000x\000i\000m\000u\000m\000\040\000P\000r\000i\000n\000c\000i\000p\000l\000e}{section.3.2}% 21
\BOOKMARK [2][-]{subsection.3.2.2}{\376\377\000I\000n\000i\000t\000i\000a\000l\000\040\000V\000a\000l\000u\000e\000\040\000P\000r\000o\000b\000l\000e\000m\000s}{section.3.2}% 22
\BOOKMARK [0][-]{chapter.4}{\376\377\000W\000e\000e\000k\000\040\0004}{}% 23
\BOOKMARK [1][-]{section.4.1}{\376\377\000T\000h\000e\000\040\000H\000e\000a\000t\000\040\000E\000q\000u\000a\000t\000i\000o\000n\000,\000\040\000C\000o\000n\000t\000i\000n\000u\000e\000d}{chapter.4}% 24
\BOOKMARK [2][-]{subsection.4.1.1}{\376\377\000T\000h\000e\000\040\000H\000e\000a\000t\000\040\000E\000q\000u\000a\000t\000i\000o\000n\000\040\000o\000n\000\040\000a\000n\000\040\000I\000n\000f\000i\000n\000i\000t\000e\000\040\000R\000o\000d}{section.4.1}% 25
\BOOKMARK [2][-]{subsection.4.1.2}{\376\377\000I\000V\000P\000s\000\040\000o\000n\000\040\000t\000h\000e\000\040\000I\000n\000f\000i\000n\000i\000t\000e\000\040\000R\000o\000d}{section.4.1}% 26
\BOOKMARK [2][-]{subsection.4.1.3}{\376\377\000U\000n\000i\000q\000u\000e\000n\000e\000s\000s\000\040\000o\000n\000\040\000t\000h\000e\000\040\000I\000n\000f\000i\000n\000i\000t\000e\000\040\000R\000o\000d}{section.4.1}% 27
\BOOKMARK [1][-]{section.4.2}{\376\377\000C\000o\000m\000p\000a\000r\000i\000n\000g\000\040\000t\000h\000e\000\040\000H\000e\000a\000t\000\040\000a\000n\000d\000\040\000W\000a\000v\000e\000\040\000E\000q\000u\000a\000t\000i\000o\000n\000s}{chapter.4}% 28
\BOOKMARK [0][-]{chapter.5}{\376\377\000W\000e\000e\000k\000\040\0005}{}% 29
\BOOKMARK [1][-]{section.5.1}{\376\377\000W\000o\000r\000k\000i\000n\000g\000\040\000o\000n\000\040\000t\000h\000e\000\040\000H\000a\000l\000f\000-\000L\000i\000n\000e}{chapter.5}% 30
\BOOKMARK [2][-]{subsection.5.1.1}{\376\377\000T\000h\000e\000\040\000H\000e\000a\000t\000\040\000E\000q\000u\000a\000t\000i\000o\000n}{section.5.1}% 31
\BOOKMARK [2][-]{subsection.5.1.2}{\376\377\000T\000h\000e\000\040\000W\000a\000v\000e\000\040\000E\000q\000u\000a\000t\000i\000o\000n}{section.5.1}% 32
\BOOKMARK [1][-]{section.5.2}{\376\377\000T\000h\000e\000\040\000H\000e\000a\000t\000\040\000E\000q\000u\000a\000t\000i\000o\000n\000,\000\040\000w\000i\000t\000h\000\040\000a\000\040\000S\000o\000u\000r\000c\000e}{chapter.5}% 33
\BOOKMARK [2][-]{subsection.5.2.1}{\376\377\000N\000o\000\040\000B\000o\000u\000n\000d\000a\000r\000y\000\040\000C\000o\000n\000d\000i\000t\000i\000o\000n\000s}{section.5.2}% 34
\BOOKMARK [2][-]{subsection.5.2.2}{\376\377\000D\000i\000r\000i\000c\000h\000l\000e\000t\000\040\000B\000o\000u\000n\000d\000a\000r\000y\000\040\000C\000o\000n\000d\000i\000t\000i\000o\000n\000s\000:\000\040\000T\000h\000e\000\040\000H\000a\000l\000f\000-\000L\000i\000n\000e\000\040\000w\000i\000t\000h\000\040\000a\000\040\000S\000o\000u\000r\000c\000e}{section.5.2}% 35
\BOOKMARK [2][-]{subsection.5.2.3}{\376\377\000A\000n\000\040\000I\000n\000h\000o\000m\000o\000g\000e\000n\000e\000o\000u\000s\000\040\000B\000o\000u\000n\000d\000a\000r\000y\000\040\000C\000o\000n\000d\000i\000t\000i\000o\000n}{section.5.2}% 36
\BOOKMARK [0][-]{chapter.6}{\376\377\000W\000e\000e\000k\000\040\0006}{}% 37
\BOOKMARK [1][-]{section.6.1}{\376\377\000T\000h\000e\000\040\000W\000a\000v\000e\000\040\000E\000q\000u\000a\000t\000i\000o\000n\000,\000\040\000w\000i\000t\000h\000\040\000a\000\040\000S\000o\000u\000r\000c\000e}{chapter.6}% 38
\BOOKMARK [1][-]{section.6.2}{\376\377\000W\000o\000r\000k\000i\000n\000g\000\040\000o\000n\000\040\000a\000\040\000F\000i\000n\000i\000t\000e\000\040\000I\000n\000t\000e\000r\000v\000a\000l}{chapter.6}% 39
\BOOKMARK [2][-]{subsection.6.2.1}{\376\377\000T\000h\000e\000\040\000W\000a\000v\000e\000\040\000E\000q\000u\000a\000t\000i\000o\000n\000\040\000o\000n\000\040\000a\000\040\000F\000i\000n\000i\000t\000e\000\040\000I\000n\000t\000e\000r\000v\000a\000l\000\040\000w\000i\000t\000h\000\040\000D\000i\000r\000i\000c\000h\000l\000e\000t\000\040\000B\000.\000C}{section.6.2}% 40
\BOOKMARK [2][-]{subsection.6.2.2}{\376\377\000T\000h\000e\000\040\000H\000e\000a\000t\000\040\000E\000q\000u\000a\000t\000i\000o\000n\000\040\000o\000n\000\040\000a\000\040\000F\000i\000n\000i\000t\000e\000\040\000I\000n\000t\000e\000r\000v\000a\000l\000\040\000w\000i\000t\000h\000\040\000D\000i\000r\000i\000c\000h\000l\000e\000t\000\040\000B\000.\000C}{section.6.2}% 41
\BOOKMARK [0][-]{chapter.7}{\376\377\000W\000e\000e\000k\000\040\0007}{}% 42
\BOOKMARK [1][-]{section.7.1}{\376\377\000W\000o\000r\000k\000i\000n\000g\000\040\000o\000n\000\040\000a\000\040\000F\000i\000n\000i\000t\000e\000\040\000I\000n\000t\000e\000r\000v\000a\000l\000,\000\040\000C\000o\000n\000t\000i\000n\000u\000e\000d}{chapter.7}% 43
\BOOKMARK [2][-]{subsection.7.1.1}{\376\377\000T\000h\000e\000\040\000W\000a\000v\000e\000\040\000E\000q\000u\000a\000t\000i\000o\000n\000\040\000o\000n\000\040\000a\000\040\000F\000i\000n\000i\000t\000e\000\040\000I\000n\000t\000e\000r\000v\000a\000l\000\040\000w\000i\000t\000h\000\040\000N\000e\000u\000m\000a\000n\000n\000\040\000B\000.\000C}{section.7.1}% 44
\BOOKMARK [2][-]{subsection.7.1.2}{\376\377\000T\000h\000e\000\040\000H\000e\000a\000t\000\040\000E\000q\000u\000a\000t\000i\000o\000n\000\040\000o\000n\000\040\000a\000\040\000F\000i\000n\000i\000t\000e\000\040\000I\000n\000t\000e\000r\000v\000a\000l\000\040\000w\000i\000t\000h\000\040\000N\000e\000u\000m\000a\000n\000n\000\040\000B\000.\000C}{section.7.1}% 45
\BOOKMARK [1][-]{section.7.2}{\376\377\000F\000o\000u\000r\000i\000e\000r\000\040\000T\000r\000a\000n\000s\000f\000o\000r\000m}{chapter.7}% 46
\BOOKMARK [2][-]{subsection.7.2.1}{\376\377\000F\000o\000u\000r\000i\000e\000r\000\040\000S\000i\000n\000e\000\040\000S\000e\000r\000i\000e\000s}{section.7.2}% 47
\BOOKMARK [2][-]{subsection.7.2.2}{\376\377\000F\000o\000u\000r\000i\000e\000r\000\040\000C\000o\000s\000i\000n\000e\000\040\000S\000e\000r\000i\000e\000s}{section.7.2}% 48
\BOOKMARK [2][-]{subsection.7.2.3}{\376\377\000F\000u\000l\000l\000\040\000F\000o\000u\000r\000i\000e\000r\000\040\000S\000e\000r\000i\000e\000s\000:\000\040\000P\000e\000r\000i\000o\000d\000i\000c\000\040\000B\000o\000u\000n\000d\000a\000r\000y\000\040\000C\000o\000n\000d\000i\000t\000i\000o\000n\000s}{section.7.2}% 49
\BOOKMARK [0][-]{chapter.8}{\376\377\000W\000e\000e\000k\000\040\0008}{}% 50
\BOOKMARK [1][-]{section.8.1}{\376\377\000F\000o\000u\000r\000i\000e\000r\000\040\000T\000r\000a\000n\000s\000f\000o\000r\000m\000,\000\040\000C\000o\000n\000t\000i\000n\000u\000e\000d}{chapter.8}% 51
\BOOKMARK [2][-]{subsection.8.1.1}{\376\377\000F\000u\000l\000l\000\040\000F\000o\000u\000r\000i\000e\000r\000\040\000S\000e\000r\000i\000e\000s\000,\000\040\000C\000o\000n\000t\000i\000n\000u\000e\000d}{section.8.1}% 52
\BOOKMARK [2][-]{subsection.8.1.2}{\376\377\000U\000n\000d\000e\000r\000s\000t\000a\000n\000d\000i\000n\000g\000\040\000C\000o\000n\000v\000e\000r\000g\000e\000n\000c\000e}{section.8.1}% 53
\BOOKMARK [0][-]{chapter.9}{\376\377\000W\000e\000e\000k\000\040\0009}{}% 54
\BOOKMARK [1][-]{section.9.1}{\376\377\000M\000o\000r\000e\000\040\000E\000x\000a\000m\000p\000l\000e\000s\000\040\000o\000f\000\040\000F\000o\000u\000r\000i\000e\000r\000\040\000S\000e\000r\000i\000e\000s}{chapter.9}% 55
\BOOKMARK [1][-]{section.9.2}{\376\377\000C\000o\000m\000p\000l\000e\000x\000\040\000E\000x\000p\000o\000n\000e\000n\000t\000i\000a\000l\000s\000\040\000\046\000\040\000F\000o\000u\000r\000i\000e\000r\000\040\000S\000e\000r\000i\000e\000s}{chapter.9}% 56
\BOOKMARK [1][-]{section.9.3}{\376\377\000T\000h\000e\000\040\000F\000u\000l\000l\000\040\000V\000e\000r\000s\000i\000o\000n\000\040\000o\000f\000\040\000t\000h\000e\000\040\000H\000e\000a\000t\000\040\000E\000q\000u\000a\000t\000i\000o\000n\000\040\000o\000n\000\040\000a\000\040\000F\000i\000n\000i\000t\000e\000\040\000I\000n\000t\000e\000r\000v\000a\000l}{chapter.9}% 57
\BOOKMARK [0][-]{chapter.10}{\376\377\000W\000e\000e\000k\000\040\0001\0000}{}% 58
\BOOKMARK [1][-]{section.10.1}{\376\377\000T\000h\000e\000\040\000L\000a\000p\000l\000a\000c\000e\000\040\000E\000q\000u\000a\000t\000i\000o\000n}{chapter.10}% 59
\BOOKMARK [2][-]{subsection.10.1.1}{\376\377\000T\000h\000e\000\040\000M\000a\000x\000i\000m\000u\000m\000/\000M\000i\000n\000i\000m\000u\000m\000\040\000P\000r\000i\000n\000c\000i\000p\000l\000e}{section.10.1}% 60
\BOOKMARK [2][-]{subsection.10.1.2}{\376\377\000I\000n\000v\000a\000r\000i\000a\000n\000c\000e\000\040\000U\000n\000d\000e\000r\000\040\000R\000i\000g\000i\000d\000\040\000M\000o\000t\000i\000o\000n}{section.10.1}% 61
